<?xml version="1.0" encoding="UTF-8"?>
<testsuite name="com.jeesite.test.InitData" time="0.006" tests="1" errors="0" skipped="0" failures="0">
  <properties>
    <property name="java.runtime.name" value="Java(TM) SE Runtime Environment"/>
    <property name="sun.boot.library.path" value="D:\Java\jdk1.8.0_131_32\jre\bin"/>
    <property name="java.vm.version" value="25.131-b11"/>
    <property name="java.vm.vendor" value="Oracle Corporation"/>
    <property name="maven.multiModuleProjectDirectory" value="E:\Project\carCount\web"/>
    <property name="java.vendor.url" value="http://java.oracle.com/"/>
    <property name="path.separator" value=";"/>
    <property name="guice.disable.misplaced.annotation.check" value="true"/>
    <property name="java.vm.name" value="Java HotSpot(TM) Client VM"/>
    <property name="file.encoding.pkg" value="sun.io"/>
    <property name="user.script" value=""/>
    <property name="user.country" value="CN"/>
    <property name="sun.java.launcher" value="SUN_STANDARD"/>
    <property name="sun.os.patch.level" value=""/>
    <property name="test" value="com.jeesite.test.InitData"/>
    <property name="java.vm.specification.name" value="Java Virtual Machine Specification"/>
    <property name="user.dir" value="E:\Project\carCount\web"/>
    <property name="java.runtime.version" value="1.8.0_131-b11"/>
    <property name="java.awt.graphicsenv" value="sun.awt.Win32GraphicsEnvironment"/>
    <property name="java.endorsed.dirs" value="D:\Java\jdk1.8.0_131_32\jre\lib\endorsed"/>
    <property name="os.arch" value="x86"/>
    <property name="java.io.tmpdir" value="C:\Users\Jo\AppData\Local\Temp\"/>
    <property name="line.separator" value="&#10;"/>
    <property name="java.vm.specification.vendor" value="Oracle Corporation"/>
    <property name="user.variant" value=""/>
    <property name="os.name" value="Windows 10"/>
    <property name="classworlds.conf" value="D:\Soft\apache-maven-3.6.1\bin\..\bin\m2.conf"/>
    <property name="maven.test.skip" value="false"/>
    <property name="sun.jnu.encoding" value="GBK"/>
    <property name="java.library.path" value="D:\Java\jdk1.8.0_131_32\bin;C:\WINDOWS\Sun\Java\bin;C:\WINDOWS\system32;C:\WINDOWS;D:\Java\jdk1.8.0_131_32\bin;D:\Java\jdk1.8.0_131_32\jre\bin;C:\Program Files (x86)\Common Files\Oracle\Java\javapath;C:\Program Files (x86)\Intel\Intel(R) Management Engine Components\iCLS\;C:\Program Files\Intel\Intel(R) Management Engine Components\iCLS\;C:\WINDOWS\system32;C:\WINDOWS;C:\WINDOWS\System32\Wbem;C:\WINDOWS\System32\WindowsPowerShell\v1.0\;C:\WINDOWS\System32\OpenSSH\;C:\Program Files (x86)\Intel\Intel(R) Management Engine Components\DAL;C:\Program Files\Intel\Intel(R) Management Engine Components\DAL;D:\Soft\Git\cmd;D:\Soft\mysql5.7\bin;D:\Soft\apache-maven-3.6.1\bin;D:\Soft\node\;C:\Users\Jo\AppData\Local\Programs\Python;&quot;C:\WINDOWS\system32;C:\WINDOWS\System32\WindowsPowerShell\v1.0\&quot;;D:\Soft\TortoiseSVN\bin;D:\Soft\Process Lasso;D:\Soft\protoc\bin;D:\Soft\thrift;D:\Soft\Git LFS;D:\Soft\Yarn\bin\;D:\Soft\ffmpeg\bin;C:\Program Files\Microsoft SQL Server\130\Tools\Binn\;C:\Program Files\dotnet\;C:\Users\Jo\AppData\Local\Programs\Python\Python37\Scripts\;C:\Users\Jo\AppData\Local\Programs\Python\Python37\;C:\Users\Jo\AppData\Local\Microsoft\WindowsApps;D:\Soft\IntelliJ IDEA 2019.1.2\bin;D:\Soft\VsCode\bin;D:\Soft\WebStorm\bin;C:\Users\Jo\AppData\Roaming\npm;D:\Soft\PyCharm\bin;C:\Users\Jo\AppData\Local\atom\bin;C:\Users\Jo\AppData\Local\Yarn\bin;C:\Users\Jo\AppData\Local\Microsoft\WindowsApps;D:\Soft\JetBrains\PyCharm Community Edition 2020.1.3\bin;C:\Users\Jo\AppData\Local\Programs\EmEditor;D:\Soft\Fiddler1111;."/>
    <property name="maven.conf" value="D:\Soft\apache-maven-3.6.1\bin\../conf"/>
    <property name="java.specification.name" value="Java Platform API Specification"/>
    <property name="java.class.version" value="52.0"/>
    <property name="sun.management.compiler" value="HotSpot Client Compiler"/>
    <property name="os.version" value="10.0"/>
    <property name="library.jansi.path" value="D:\Soft\apache-maven-3.6.1\bin\..\lib\jansi-native"/>
    <property name="user.home" value="C:\Users\Jo"/>
    <property name="user.timezone" value="Asia/Shanghai"/>
    <property name="java.awt.printerjob" value="sun.awt.windows.WPrinterJob"/>
    <property name="java.specification.version" value="1.8"/>
    <property name="file.encoding" value="GBK"/>
    <property name="user.name" value="Jo"/>
    <property name="java.class.path" value="D:\Soft\apache-maven-3.6.1\bin\..\boot\plexus-classworlds-2.6.0.jar"/>
    <property name="java.vm.specification.version" value="1.8"/>
    <property name="sun.arch.data.model" value="32"/>
    <property name="java.home" value="D:\Java\jdk1.8.0_131_32\jre"/>
    <property name="sun.java.command" value="org.codehaus.plexus.classworlds.launcher.Launcher test -Dmaven.test.skip=false -Dtest=com.jeesite.test.InitData"/>
    <property name="java.specification.vendor" value="Oracle Corporation"/>
    <property name="user.language" value="zh"/>
    <property name="awt.toolkit" value="sun.awt.windows.WToolkit"/>
    <property name="java.vm.info" value="mixed mode"/>
    <property name="java.version" value="1.8.0_131"/>
    <property name="java.ext.dirs" value="D:\Java\jdk1.8.0_131_32\jre\lib\ext;C:\WINDOWS\Sun\Java\lib\ext"/>
    <property name="sun.boot.class.path" value="D:\Java\jdk1.8.0_131_32\jre\lib\resources.jar;D:\Java\jdk1.8.0_131_32\jre\lib\rt.jar;D:\Java\jdk1.8.0_131_32\jre\lib\sunrsasign.jar;D:\Java\jdk1.8.0_131_32\jre\lib\jsse.jar;D:\Java\jdk1.8.0_131_32\jre\lib\jce.jar;D:\Java\jdk1.8.0_131_32\jre\lib\charsets.jar;D:\Java\jdk1.8.0_131_32\jre\lib\jfr.jar;D:\Java\jdk1.8.0_131_32\jre\classes"/>
    <property name="sun.stderr.encoding" value="ms936"/>
    <property name="java.vendor" value="Oracle Corporation"/>
    <property name="maven.home" value="D:\Soft\apache-maven-3.6.1\bin\.."/>
    <property name="file.separator" value="\"/>
    <property name="java.vendor.url.bug" value="http://bugreport.sun.com/bugreport/"/>
    <property name="sun.cpu.endian" value="little"/>
    <property name="sun.io.unicode.encoding" value="UnicodeLittle"/>
    <property name="sun.stdout.encoding" value="ms936"/>
    <property name="sun.desktop" value="windows"/>
    <property name="sun.cpu.isalist" value="pentium_pro+mmx pentium_pro pentium+mmx pentium i486 i386 i86"/>
  </properties>
  <testcase name="initData01" classname="com.jeesite.test.InitData" time="0.006"/>
</testsuite>